Determining if the pthread_create exist failed with the following output:
Change Dir: /home/wanghf/dev/momenta/sequence_optimization/cmake-build-debug/CMakeFiles/CMakeTmp

Run Build Command:"/usr/bin/make" "cmTC_2c1c9/fast"
/usr/bin/make -f CMakeFiles/cmTC_2c1c9.dir/build.make CMakeFiles/cmTC_2c1c9.dir/build
make[1]: Entering directory '/home/wanghf/dev/momenta/sequence_optimization/cmake-build-debug/CMakeFiles/CMakeTmp'
Building C object CMakeFiles/cmTC_2c1c9.dir/CheckSymbolExists.c.o
/usr/bin/cc    -o CMakeFiles/cmTC_2c1c9.dir/CheckSymbolExists.c.o   -c /home/wanghf/dev/momenta/sequence_optimization/cmake-build-debug/CMakeFiles/CMakeTmp/CheckSymbolExists.c
Linking C executable cmTC_2c1c9
/home/wanghf/installs/clion-2017.2.3/bin/cmake/bin/cmake -E cmake_link_script CMakeFiles/cmTC_2c1c9.dir/link.txt --verbose=1
/usr/bin/cc      CMakeFiles/cmTC_2c1c9.dir/CheckSymbolExists.c.o  -o cmTC_2c1c9 
CMakeFiles/cmTC_2c1c9.dir/CheckSymbolExists.c.o：在函数‘main’中：
CheckSymbolExists.c:(.text+0x16)：对‘pthread_create’未定义的引用
collect2: error: ld returned 1 exit status
CMakeFiles/cmTC_2c1c9.dir/build.make:97: recipe for target 'cmTC_2c1c9' failed
make[1]: *** [cmTC_2c1c9] Error 1
make[1]: Leaving directory '/home/wanghf/dev/momenta/sequence_optimization/cmake-build-debug/CMakeFiles/CMakeTmp'
Makefile:126: recipe for target 'cmTC_2c1c9/fast' failed
make: *** [cmTC_2c1c9/fast] Error 2

File /home/wanghf/dev/momenta/sequence_optimization/cmake-build-debug/CMakeFiles/CMakeTmp/CheckSymbolExists.c:
/* */
#include <pthread.h>

int main(int argc, char** argv)
{
  (void)argv;
#ifndef pthread_create
  return ((int*)(&pthread_create))[argc];
#else
  (void)argc;
  return 0;
#endif
}

Determining if the function pthread_create exists in the pthreads failed with the following output:
Change Dir: /home/wanghf/dev/momenta/sequence_optimization/cmake-build-debug/CMakeFiles/CMakeTmp

Run Build Command:"/usr/bin/make" "cmTC_7d754/fast"
/usr/bin/make -f CMakeFiles/cmTC_7d754.dir/build.make CMakeFiles/cmTC_7d754.dir/build
make[1]: Entering directory '/home/wanghf/dev/momenta/sequence_optimization/cmake-build-debug/CMakeFiles/CMakeTmp'
Building C object CMakeFiles/cmTC_7d754.dir/CheckFunctionExists.c.o
/usr/bin/cc   -DCHECK_FUNCTION_EXISTS=pthread_create   -o CMakeFiles/cmTC_7d754.dir/CheckFunctionExists.c.o   -c /home/wanghf/installs/clion-2017.2.3/bin/cmake/share/cmake-3.8/Modules/CheckFunctionExists.c
Linking C executable cmTC_7d754
/home/wanghf/installs/clion-2017.2.3/bin/cmake/bin/cmake -E cmake_link_script CMakeFiles/cmTC_7d754.dir/link.txt --verbose=1
/usr/bin/cc  -DCHECK_FUNCTION_EXISTS=pthread_create    CMakeFiles/cmTC_7d754.dir/CheckFunctionExists.c.o  -o cmTC_7d754 -lpthreads 
/usr/bin/ld: 找不到 -lpthreads
collect2: error: ld returned 1 exit status
CMakeFiles/cmTC_7d754.dir/build.make:97: recipe for target 'cmTC_7d754' failed
make[1]: *** [cmTC_7d754] Error 1
make[1]: Leaving directory '/home/wanghf/dev/momenta/sequence_optimization/cmake-build-debug/CMakeFiles/CMakeTmp'
Makefile:126: recipe for target 'cmTC_7d754/fast' failed
make: *** [cmTC_7d754/fast] Error 2


